   0.000000 -6.312918e+01 
   0.100000 -6.849612e+01 
   0.200000 -7.192178e+01 
   0.300000 -7.560471e+01 
   0.400000 -7.928549e+01 
   0.500000 -8.289227e+01 
   0.600000 -8.636038e+01 
   0.700000 -9.003308e+01 
   0.800000 -9.371466e+01 
   0.900000 -9.782193e+01 
   1.000000 -1.016340e+02 
   2.000000 -1.325019e+02 
   3.000000 -1.513541e+02 
   4.000000 -1.677459e+02 
   5.000000 -1.842683e+02 
   6.000000 -1.985357e+02 
   7.000000 -2.134649e+02 
   8.000000 -2.281242e+02 
   9.000000 -2.438154e+02 
  10.000000 -2.528129e+02 
  15.000000 -2.900791e+02 
  20.000000 -2.875318e+02 
  25.000000 -2.851315e+02 
  30.000000 -2.842399e+02 
